<?xml version="1.0" encoding="UTF-8"?>
<!-- Generated by org.testng.reporters.JUnitReportReporter -->
<testsuite hostname="LAPTOP-AFO4I6I2" failures="0" tests="1" name="tests.Restauured_Delete_1" time="2.330" errors="0" timestamp="2022-09-18T14:40:20 IST" skipped="0">
  <testcase classname="tests.Restauured_Delete_1" name="delete_api" time="2.330"/>
  <system-out/>
</testsuite> <!-- tests.Restauured_Delete_1 -->
