<?xml version="1.0" encoding="UTF-8"?>
<!-- Generated by org.testng.reporters.JUnitReportReporter -->
<testsuite hostname="LAPTOP-AFO4I6I2" failures="0" tests="1" name="tests.Restauured_Update1" time="3.351" errors="0" timestamp="2022-09-18T14:39:38 IST" skipped="0">
  <testcase classname="tests.Restauured_Update1" name="update_api" time="3.351"/>
  <system-out/>
</testsuite> <!-- tests.Restauured_Update1 -->
