<?xml version="1.0" encoding="UTF-8"?>
<!-- Generated by org.testng.reporters.JUnitReportReporter -->
<testsuite hostname="LAPTOP-AFO4I6I2" failures="0" tests="5" name="tests.RestAssured_Post1" time="4.505" errors="0" timestamp="2022-09-16T14:19:38 IST" skipped="0">
  <testcase classname="tests.RestAssured_Post1" name="Post_Api2" time="0.667"/>
  <system-out/>
  <testcase classname="tests.RestAssured_Post1" name="Post_Api4" time="0.491"/>
  <system-out/>
  <testcase classname="tests.RestAssured_Post1" name="Post_Api3" time="0.798"/>
  <system-out/>
  <testcase classname="tests.RestAssured_Post1" name="Post_Api" time="2.042"/>
  <system-out/>
  <testcase classname="tests.RestAssured_Post1" name="Post_Api1" time="0.507"/>
  <system-out/>
</testsuite> <!-- tests.RestAssured_Post1 -->
