<?xml version="1.0" encoding="UTF-8"?>
<!-- Generated by org.testng.reporters.JUnitReportReporter -->
<testsuite hostname="LAPTOP-AFO4I6I2" failures="0" tests="1" name="tests.Restauured_Update1" time="2.858" errors="0" timestamp="2022-09-19T10:57:47 IST" skipped="0">
  <testcase classname="tests.Restauured_Update1" name="update_api" time="2.858"/>
  <system-out/>
</testsuite> <!-- tests.Restauured_Update1 -->
