<?xml version="1.0" encoding="UTF-8"?>
<!-- Generated by org.testng.reporters.JUnitReportReporter -->
<testsuite hostname="LAPTOP-AFO4I6I2" failures="0" tests="1" name="tests_with_design_pattern.Builder_Design_Pattern" time="0.008" errors="0" timestamp="2022-09-19T17:28:53 IST" skipped="0">
  <testcase classname="tests_with_design_pattern.Builder_Design_Pattern" name="builder_apttern" time="0.008"/>
  <system-out/>
</testsuite> <!-- tests_with_design_pattern.Builder_Design_Pattern -->
