<?xml version="1.0" encoding="UTF-8"?>
<!-- Generated by org.testng.reporters.JUnitReportReporter -->
<testsuite hostname="LAPTOP-AFO4I6I2" failures="0" tests="1" name="tests.Restassured1" time="1.587" errors="0" timestamp="2022-09-14T15:31:08 IST" skipped="0">
  <testcase classname="tests.Restassured1" name="get_api_call" time="1.587"/>
  <system-out/>
</testsuite> <!-- tests.Restassured1 -->
