<?xml version="1.0" encoding="UTF-8"?>
<!-- Generated by org.testng.reporters.JUnitReportReporter -->
<testsuite hostname="LAPTOP-AFO4I6I2" failures="0" tests="1" name="tests.Restassured_x_Assertions" time="3.659" errors="0" timestamp="2022-09-18T21:35:46 IST" skipped="0">
  <testcase classname="tests.Restassured_x_Assertions" name="assertions" time="3.659"/>
  <system-out/>
</testsuite> <!-- tests.Restassured_x_Assertions -->
