<?xml version="1.0" encoding="UTF-8"?>
<!-- Generated by org.testng.reporters.JUnitReportReporter -->
<testsuite hostname="LAPTOP-AFO4I6I2" failures="0" tests="1" name="tests.Restauured_writing_response" time="5.130" errors="0" timestamp="2022-09-19T15:35:32 IST" skipped="0">
  <testcase classname="tests.Restauured_writing_response" name="Post_API_Response_in_external_file" time="5.130"/>
  <system-out/>
</testsuite> <!-- tests.Restauured_writing_response -->
