<?xml version="1.0" encoding="UTF-8"?>
<!-- Generated by org.testng.reporters.JUnitReportReporter -->
<testsuite hostname="LAPTOP-AFO4I6I2" failures="0" tests="1" name="tests.booking" time="1.683" errors="0" timestamp="2022-09-14T15:25:14 IST" skipped="0">
  <testcase classname="tests.booking" name="get_api_call" time="1.683"/>
  <system-out/>
</testsuite> <!-- tests.booking -->
