<?xml version="1.0" encoding="UTF-8"?>
<!-- Generated by org.testng.reporters.JUnitReportReporter -->
<testsuite hostname="LAPTOP-AFO4I6I2" failures="0" tests="1" name="tests.Restassured_Post2_Using_POJO" time="2.373" errors="0" timestamp="2022-09-15T16:53:44 IST" skipped="0">
  <testcase classname="tests.Restassured_Post2_Using_POJO" name="pojotest" time="2.373"/>
  <system-out/>
</testsuite> <!-- tests.Restassured_Post2_Using_POJO -->
