<?xml version="1.0" encoding="UTF-8"?>
<!-- Generated by org.testng.reporters.JUnitReportReporter -->
<testsuite hostname="LAPTOP-AFO4I6I2" failures="0" tests="1" name="tests.Restauured_x_x_Api_Key" time="2.973" errors="0" timestamp="2022-09-28T11:55:30 IST" skipped="0">
  <testcase classname="tests.Restauured_x_x_Api_Key" name="X_Api_Key" time="2.973"/>
  <system-out/>
</testsuite> <!-- tests.Restauured_x_x_Api_Key -->
