<?xml version="1.0" encoding="UTF-8"?>
<!-- Generated by org.testng.reporters.JUnitReportReporter -->
<testsuite hostname="LAPTOP-AFO4I6I2" failures="0" tests="1" name="tests.Restassured_Post3_Using_POJO_With_LOMBOK" time="2.384" errors="0" timestamp="2022-09-15T17:17:50 IST" skipped="0">
  <testcase classname="tests.Restassured_Post3_Using_POJO_With_LOMBOK" name="pojotest" time="2.384"/>
  <system-out/>
</testsuite> <!-- tests.Restassured_Post3_Using_POJO_With_LOMBOK -->
