<?xml version="1.0" encoding="UTF-8"?>
<!-- Generated by org.testng.reporters.JUnitReportReporter -->
<testsuite hostname="LAPTOP-AFO4I6I2" failures="0" tests="1" name="tests.Restassured_Get1" time="1.756" errors="0" timestamp="2022-09-14T16:55:07 IST" skipped="0">
  <testcase classname="tests.Restassured_Get1" name="Get_Api" time="1.756"/>
  <system-out/>
</testsuite> <!-- tests.Restassured_Get1 -->
