<?xml version="1.0" encoding="UTF-8"?>
<!-- Generated by org.testng.reporters.JUnitReportReporter -->
<testsuite hostname="LAPTOP-AFO4I6I2" failures="0" tests="1" name="tests.Restassured_Get2" time="2.224" errors="0" timestamp="2022-09-14T16:56:59 IST" skipped="0">
  <testcase classname="tests.Restassured_Get2" name="Get_Api_With_Response" time="2.224"/>
  <system-out/>
</testsuite> <!-- tests.Restassured_Get2 -->
