<?xml version="1.0" encoding="UTF-8"?>
<!-- Generated by org.testng.reporters.JUnitReportReporter -->
<testsuite hostname="LAPTOP-AFO4I6I2" failures="0" tests="5" name="tests.RestAssured_Post1" time="3.978" errors="0" timestamp="2022-09-15T12:48:53 IST" skipped="0">
  <testcase classname="tests.RestAssured_Post1" name="Post_Api4" time="0.428"/>
  <system-out/>
  <testcase classname="tests.RestAssured_Post1" name="Post_Api" time="1.905"/>
  <system-out/>
  <testcase classname="tests.RestAssured_Post1" name="Post_Api3" time="0.627"/>
  <system-out/>
  <testcase classname="tests.RestAssured_Post1" name="Post_Api2" time="0.535"/>
  <system-out/>
  <testcase classname="tests.RestAssured_Post1" name="Post_Api1" time="0.483"/>
  <system-out/>
</testsuite> <!-- tests.RestAssured_Post1 -->
