<?xml version="1.0" encoding="UTF-8"?>
<!-- Generated by org.testng.reporters.JUnitReportReporter -->
<testsuite hostname="LAPTOP-AFO4I6I2" failures="0" tests="2" name="tests.Restauured_x_Basic_Auth" time="3.945" errors="0" timestamp="2022-09-27T15:48:59 IST" skipped="0">
  <testcase classname="tests.Restauured_x_Basic_Auth" name="Basic_Auth" time="2.838"/>
  <system-out/>
  <testcase classname="tests.Restauured_x_Basic_Auth" name="Basic_Auth_Manual" time="1.107"/>
  <system-out/>
</testsuite> <!-- tests.Restauured_x_Basic_Auth -->
