<?xml version="1.0" encoding="UTF-8"?>
<!-- Generated by org.testng.reporters.JUnitReportReporter -->
<testsuite hostname="LAPTOP-AFO4I6I2" failures="0" tests="1" name="tests.Restauured_x_Authorization" time="2.032" errors="0" timestamp="2022-09-28T11:53:26 IST" skipped="0">
  <testcase classname="tests.Restauured_x_Authorization" name="Authorization" time="2.032"/>
  <system-out/>
</testsuite> <!-- tests.Restauured_x_Authorization -->
